{"timestamp":"2026-06-21T21:29:09.978776Z","level":"info","event":"::group::Pre Execute","logger":"task","filename":"task_runner.py","lineno":1926}
{"timestamp":"2026-06-21T21:29:10.662492Z","level":"info","event":"DAG bundles loaded: dags-folder, example_dags","task_id":"bronze_to_silver","run_id":"manual__2026-06-21T21:23:31.715835+00:00","dag_id":"pipeline_olist","try_number":1,"ti_id":"019eec11-3bd4-74d0-a901-5ce5e9625528","map_index":-1,"logger":"airflow.dag_processing.bundles.manager.DagBundlesManager","filename":"manager.py","lineno":209}
{"timestamp":"2026-06-21T21:29:10.663504Z","level":"info","event":"Filling up the DagBag from /opt/airflow/dags/pipeline_olist.py","task_id":"bronze_to_silver","run_id":"manual__2026-06-21T21:23:31.715835+00:00","dag_id":"pipeline_olist","try_number":1,"ti_id":"019eec11-3bd4-74d0-a901-5ce5e9625528","map_index":-1,"logger":"airflow.dag_processing.dagbag.BundleDagBag","filename":"dagbag.py","lineno":469}
{"timestamp":"2026-06-21T21:29:10.672524Z","level":"warning","event":"The `airflow.operators.python.PythonOperator` attribute is deprecated. Please use `'airflow.providers.standard.operators.python.PythonOperator'`.","category":"UserWarning","filename":"/opt/airflow/dags/pipeline_olist.py","lineno":2,"task_id":"bronze_to_silver","run_id":"manual__2026-06-21T21:23:31.715835+00:00","dag_id":"pipeline_olist","try_number":1,"ti_id":"019eec11-3bd4-74d0-a901-5ce5e9625528","map_index":-1,"logger":"py.warnings"}
{"timestamp":"2026-06-21T21:29:10.673088Z","level":"warning","event":"The `airflow.operators.empty.EmptyOperator` attribute is deprecated. Please use `'airflow.providers.standard.operators.empty.EmptyOperator'`.","category":"UserWarning","filename":"/opt/airflow/dags/pipeline_olist.py","lineno":3,"task_id":"bronze_to_silver","run_id":"manual__2026-06-21T21:23:31.715835+00:00","dag_id":"pipeline_olist","try_number":1,"ti_id":"019eec11-3bd4-74d0-a901-5ce5e9625528","map_index":-1,"logger":"py.warnings"}
{"timestamp":"2026-06-21T21:29:10.713562Z","level":"info","event":"Task instance is in running state","logger":"task.stdout"}
{"timestamp":"2026-06-21T21:29:10.713781Z","level":"info","event":" Previous state of the Task instance: TaskInstanceState.QUEUED","logger":"task.stdout"}
{"timestamp":"2026-06-21T21:29:10.713852Z","level":"info","event":"Current task name:bronze_to_silver","logger":"task.stdout"}
{"timestamp":"2026-06-21T21:29:10.713909Z","level":"info","event":"Dag name:pipeline_olist","logger":"task.stdout"}
{"timestamp":"2026-06-21T21:29:10.713881Z","level":"info","event":"::endgroup::","task_id":"bronze_to_silver","run_id":"manual__2026-06-21T21:23:31.715835+00:00","dag_id":"pipeline_olist","try_number":1,"ti_id":"019eec11-3bd4-74d0-a901-5ce5e9625528","map_index":-1,"logger":"task","filename":"task_runner.py","lineno":1727}
{"timestamp":"2026-06-21T21:29:11.330429Z","level":"info","event":"✅ Silver orders criada.","logger":"task.stdout"}
{"timestamp":"2026-06-21T21:29:11.338975Z","level":"error","event":"Task failed with exception","task_id":"bronze_to_silver","run_id":"manual__2026-06-21T21:23:31.715835+00:00","dag_id":"pipeline_olist","try_number":1,"ti_id":"019eec11-3bd4-74d0-a901-5ce5e9625528","map_index":-1,"logger":"task","filename":"task_runner.py","lineno":1381,"error_detail":[{"exc_type":"CatalogException","exc_value":"Catalog Error: Scalar Function with name initcap does not exist!\nDid you mean \"ilike_escape\"?\n\nLINE 6:                 INITCAP(TRIM(customer_city)) AS city,\n                        ^","exc_notes":[],"syntax_error":null,"is_cause":false,"frames":[{"filename":"/home/airflow/.local/lib/python3.13/site-packages/airflow/sdk/execution_time/task_runner.py","lineno":1287,"name":"run"},{"filename":"/home/airflow/.local/lib/python3.13/site-packages/airflow/sdk/execution_time/task_runner.py","lineno":1745,"name":"_execute_task"},{"filename":"/home/airflow/.local/lib/python3.13/site-packages/airflow/sdk/bases/operator.py","lineno":443,"name":"wrapper"},{"filename":"/home/airflow/.local/lib/python3.13/site-packages/airflow/providers/standard/operators/python.py","lineno":231,"name":"execute"},{"filename":"/home/airflow/.local/lib/python3.13/site-packages/airflow/providers/standard/operators/python.py","lineno":254,"name":"execute_callable"},{"filename":"/home/airflow/.local/lib/python3.13/site-packages/airflow/sdk/execution_time/callback_runner.py","lineno":97,"name":"run"},{"filename":"/opt/airflow/dags/pipeline_olist.py","lineno":82,"name":"task_bronze_silver"}],"is_group":false,"exceptions":[]}]}
{"timestamp":"2026-06-21T21:29:11.339407Z","level":"info","event":"::group::Post Execute","task_id":"bronze_to_silver","run_id":"manual__2026-06-21T21:23:31.715835+00:00","dag_id":"pipeline_olist","try_number":1,"ti_id":"019eec11-3bd4-74d0-a901-5ce5e9625528","map_index":-1,"logger":"task","filename":"task_runner.py","lineno":1382}
{"timestamp":"2026-06-21T21:29:11.363973Z","level":"info","event":"Task instance in failure state","logger":"task.stdout"}
{"timestamp":"2026-06-21T21:29:11.364151Z","level":"info","event":"Task start","logger":"task.stdout"}
{"timestamp":"2026-06-21T21:29:11.364220Z","level":"info","event":"Task:<Task(PythonOperator): bronze_to_silver>","logger":"task.stdout"}
{"timestamp":"2026-06-21T21:29:11.364272Z","level":"info","event":"Failure caused by Catalog Error: Scalar Function with name initcap does not exist!","logger":"task.stdout"}
{"timestamp":"2026-06-21T21:29:11.364320Z","level":"info","event":"Did you mean \"ilike_escape\"?","logger":"task.stdout"}
{"timestamp":"2026-06-21T21:29:11.364367Z","level":"info","event":"","logger":"task.stdout"}
{"timestamp":"2026-06-21T21:29:11.364413Z","level":"info","event":"LINE 6:                 INITCAP(TRIM(customer_city)) AS city,","logger":"task.stdout"}
{"timestamp":"2026-06-21T21:29:11.364458Z","level":"info","event":"                        ^","logger":"task.stdout"}
{"timestamp":"2026-06-21T21:29:11.364147Z","level":"info","event":"::endgroup::","task_id":"bronze_to_silver","run_id":"manual__2026-06-21T21:23:31.715835+00:00","dag_id":"pipeline_olist","try_number":1,"ti_id":"019eec11-3bd4-74d0-a901-5ce5e9625528","map_index":-1,"logger":"task","filename":"task_runner.py","lineno":1896}
