{"timestamp":"2026-06-23T11:07:06.771342Z","level":"info","event":"::group::Pre Execute","logger":"task","filename":"task_runner.py","lineno":1926}
{"timestamp":"2026-06-23T11:07:14.277305Z","level":"info","event":"DAG bundles loaded: dags-folder, example_dags","run_id":"scheduled__2026-06-23T06:00:00+00:00","try_number":1,"map_index":-1,"task_id":"ingestao_bronze","ti_id":"019ef429-8e75-79d7-ac4a-d32f98b75d47","dag_id":"pipeline_olist","logger":"airflow.dag_processing.bundles.manager.DagBundlesManager","filename":"manager.py","lineno":209}
{"timestamp":"2026-06-23T11:07:14.278560Z","level":"info","event":"Filling up the DagBag from /opt/airflow/dags/pipeline_olist.py","run_id":"scheduled__2026-06-23T06:00:00+00:00","try_number":1,"map_index":-1,"task_id":"ingestao_bronze","ti_id":"019ef429-8e75-79d7-ac4a-d32f98b75d47","dag_id":"pipeline_olist","logger":"airflow.dag_processing.dagbag.BundleDagBag","filename":"dagbag.py","lineno":469}
{"timestamp":"2026-06-23T11:07:14.289667Z","level":"warning","event":"The `airflow.operators.python.PythonOperator` attribute is deprecated. Please use `'airflow.providers.standard.operators.python.PythonOperator'`.","category":"UserWarning","filename":"/opt/airflow/dags/pipeline_olist.py","lineno":2,"run_id":"scheduled__2026-06-23T06:00:00+00:00","try_number":1,"map_index":-1,"task_id":"ingestao_bronze","ti_id":"019ef429-8e75-79d7-ac4a-d32f98b75d47","dag_id":"pipeline_olist","logger":"py.warnings"}
{"timestamp":"2026-06-23T11:07:14.289981Z","level":"warning","event":"The `airflow.operators.empty.EmptyOperator` attribute is deprecated. Please use `'airflow.providers.standard.operators.empty.EmptyOperator'`.","category":"UserWarning","filename":"/opt/airflow/dags/pipeline_olist.py","lineno":3,"run_id":"scheduled__2026-06-23T06:00:00+00:00","try_number":1,"map_index":-1,"task_id":"ingestao_bronze","ti_id":"019ef429-8e75-79d7-ac4a-d32f98b75d47","dag_id":"pipeline_olist","logger":"py.warnings"}
{"timestamp":"2026-06-23T11:07:14.375925Z","level":"info","event":"Task instance is in running state","logger":"task.stdout"}
{"timestamp":"2026-06-23T11:07:14.376309Z","level":"info","event":" Previous state of the Task instance: TaskInstanceState.QUEUED","logger":"task.stdout"}
{"timestamp":"2026-06-23T11:07:14.376632Z","level":"info","event":"Current task name:ingestao_bronze","logger":"task.stdout"}
{"timestamp":"2026-06-23T11:07:14.376763Z","level":"info","event":"Dag name:pipeline_olist","logger":"task.stdout"}
{"timestamp":"2026-06-23T11:07:14.376878Z","level":"info","event":"::endgroup::","run_id":"scheduled__2026-06-23T06:00:00+00:00","try_number":1,"map_index":-1,"task_id":"ingestao_bronze","ti_id":"019ef429-8e75-79d7-ac4a-d32f98b75d47","dag_id":"pipeline_olist","logger":"task","filename":"task_runner.py","lineno":1727}
{"timestamp":"2026-06-23T11:07:15.380006Z","level":"info","event":"✅ /opt/airflow/datasets/raw/olist/olist_orders_dataset.csv → s3://bronze/olist/orders/orders.parquet","logger":"task.stdout"}
{"timestamp":"2026-06-23T11:07:15.787075Z","level":"info","event":"✅ /opt/airflow/datasets/raw/olist/olist_customers_dataset.csv → s3://bronze/olist/customers/customers.parquet","logger":"task.stdout"}
{"timestamp":"2026-06-23T11:07:16.008267Z","level":"info","event":"✅ /opt/airflow/datasets/raw/olist/olist_products_dataset.csv → s3://bronze/olist/products/products.parquet","logger":"task.stdout"}
{"timestamp":"2026-06-23T11:07:16.501875Z","level":"info","event":"✅ /opt/airflow/datasets/raw/olist/olist_order_items_dataset.csv → s3://bronze/olist/order_items/order_items.parquet","logger":"task.stdout"}
{"timestamp":"2026-06-23T11:07:16.513665Z","level":"info","event":"Done. Returned value was: None","run_id":"scheduled__2026-06-23T06:00:00+00:00","try_number":1,"map_index":-1,"task_id":"ingestao_bronze","ti_id":"019ef429-8e75-79d7-ac4a-d32f98b75d47","dag_id":"pipeline_olist","logger":"airflow.task.operators.airflow.providers.standard.operators.python.PythonOperator","filename":"python.py","lineno":233}
{"timestamp":"2026-06-23T11:07:16.513951Z","level":"info","event":"::group::Post Execute","run_id":"scheduled__2026-06-23T06:00:00+00:00","try_number":1,"map_index":-1,"task_id":"ingestao_bronze","ti_id":"019ef429-8e75-79d7-ac4a-d32f98b75d47","dag_id":"pipeline_olist","logger":"task","filename":"task_runner.py","lineno":1288}
{"timestamp":"2026-06-23T11:07:16.556887Z","level":"info","event":"Task instance in success state","logger":"task.stdout"}
{"timestamp":"2026-06-23T11:07:16.557103Z","level":"info","event":" Previous state of the Task instance: TaskInstanceState.RUNNING","logger":"task.stdout"}
{"timestamp":"2026-06-23T11:07:16.557350Z","level":"info","event":"Task operator:<Task(PythonOperator): ingestao_bronze>","logger":"task.stdout"}
{"timestamp":"2026-06-23T11:07:16.557353Z","level":"info","event":"::endgroup::","run_id":"scheduled__2026-06-23T06:00:00+00:00","try_number":1,"map_index":-1,"task_id":"ingestao_bronze","ti_id":"019ef429-8e75-79d7-ac4a-d32f98b75d47","dag_id":"pipeline_olist","logger":"task","filename":"task_runner.py","lineno":1896}
