{"timestamp":"2026-06-21T21:30:13.645967Z","level":"info","event":"::group::Pre Execute","logger":"task","filename":"task_runner.py","lineno":1926}
{"timestamp":"2026-06-21T21:30:14.649575Z","level":"info","event":"DAG bundles loaded: dags-folder, example_dags","run_id":"manual__2026-06-21T21:30:10.336942+00:00","dag_id":"pipeline_olist","try_number":1,"task_id":"ingestao_bronze","map_index":-1,"ti_id":"019eec17-51a5-7da4-a7a3-ba40709349a9","logger":"airflow.dag_processing.bundles.manager.DagBundlesManager","filename":"manager.py","lineno":209}
{"timestamp":"2026-06-21T21:30:14.652471Z","level":"info","event":"Filling up the DagBag from /opt/airflow/dags/pipeline_olist.py","run_id":"manual__2026-06-21T21:30:10.336942+00:00","dag_id":"pipeline_olist","try_number":1,"task_id":"ingestao_bronze","map_index":-1,"ti_id":"019eec17-51a5-7da4-a7a3-ba40709349a9","logger":"airflow.dag_processing.dagbag.BundleDagBag","filename":"dagbag.py","lineno":469}
{"timestamp":"2026-06-21T21:30:14.671882Z","level":"warning","event":"The `airflow.operators.python.PythonOperator` attribute is deprecated. Please use `'airflow.providers.standard.operators.python.PythonOperator'`.","category":"UserWarning","filename":"/opt/airflow/dags/pipeline_olist.py","lineno":2,"run_id":"manual__2026-06-21T21:30:10.336942+00:00","dag_id":"pipeline_olist","try_number":1,"task_id":"ingestao_bronze","map_index":-1,"ti_id":"019eec17-51a5-7da4-a7a3-ba40709349a9","logger":"py.warnings"}
{"timestamp":"2026-06-21T21:30:14.672607Z","level":"warning","event":"The `airflow.operators.empty.EmptyOperator` attribute is deprecated. Please use `'airflow.providers.standard.operators.empty.EmptyOperator'`.","category":"UserWarning","filename":"/opt/airflow/dags/pipeline_olist.py","lineno":3,"run_id":"manual__2026-06-21T21:30:10.336942+00:00","dag_id":"pipeline_olist","try_number":1,"task_id":"ingestao_bronze","map_index":-1,"ti_id":"019eec17-51a5-7da4-a7a3-ba40709349a9","logger":"py.warnings"}
{"timestamp":"2026-06-21T21:30:14.742076Z","level":"info","event":"Task instance is in running state","logger":"task.stdout"}
{"timestamp":"2026-06-21T21:30:14.742455Z","level":"info","event":" Previous state of the Task instance: TaskInstanceState.QUEUED","logger":"task.stdout"}
{"timestamp":"2026-06-21T21:30:14.742897Z","level":"info","event":"Current task name:ingestao_bronze","logger":"task.stdout"}
{"timestamp":"2026-06-21T21:30:14.743135Z","level":"info","event":"Dag name:pipeline_olist","logger":"task.stdout"}
{"timestamp":"2026-06-21T21:30:14.742909Z","level":"info","event":"::endgroup::","run_id":"manual__2026-06-21T21:30:10.336942+00:00","dag_id":"pipeline_olist","try_number":1,"task_id":"ingestao_bronze","map_index":-1,"ti_id":"019eec17-51a5-7da4-a7a3-ba40709349a9","logger":"task","filename":"task_runner.py","lineno":1727}
{"timestamp":"2026-06-21T21:30:16.033246Z","level":"info","event":"✅ /opt/airflow/datasets/raw/olist/olist_orders_dataset.csv → s3://bronze/olist/orders/orders.parquet","logger":"task.stdout"}
{"timestamp":"2026-06-21T21:30:16.703126Z","level":"info","event":"✅ /opt/airflow/datasets/raw/olist/olist_customers_dataset.csv → s3://bronze/olist/customers/customers.parquet","logger":"task.stdout"}
{"timestamp":"2026-06-21T21:30:17.022388Z","level":"info","event":"✅ /opt/airflow/datasets/raw/olist/olist_products_dataset.csv → s3://bronze/olist/products/products.parquet","logger":"task.stdout"}
{"timestamp":"2026-06-21T21:30:17.965396Z","level":"info","event":"✅ /opt/airflow/datasets/raw/olist/olist_order_items_dataset.csv → s3://bronze/olist/order_items/order_items.parquet","logger":"task.stdout"}
{"timestamp":"2026-06-21T21:30:17.994142Z","level":"info","event":"Done. Returned value was: None","run_id":"manual__2026-06-21T21:30:10.336942+00:00","dag_id":"pipeline_olist","try_number":1,"task_id":"ingestao_bronze","map_index":-1,"ti_id":"019eec17-51a5-7da4-a7a3-ba40709349a9","logger":"airflow.task.operators.airflow.providers.standard.operators.python.PythonOperator","filename":"python.py","lineno":233}
{"timestamp":"2026-06-21T21:30:17.994650Z","level":"info","event":"::group::Post Execute","run_id":"manual__2026-06-21T21:30:10.336942+00:00","dag_id":"pipeline_olist","try_number":1,"task_id":"ingestao_bronze","map_index":-1,"ti_id":"019eec17-51a5-7da4-a7a3-ba40709349a9","logger":"task","filename":"task_runner.py","lineno":1288}
{"timestamp":"2026-06-21T21:30:18.042583Z","level":"info","event":"Task instance in success state","logger":"task.stdout"}
{"timestamp":"2026-06-21T21:30:18.042902Z","level":"info","event":" Previous state of the Task instance: TaskInstanceState.RUNNING","logger":"task.stdout"}
{"timestamp":"2026-06-21T21:30:18.043353Z","level":"info","event":"Task operator:<Task(PythonOperator): ingestao_bronze>","logger":"task.stdout"}
{"timestamp":"2026-06-21T21:30:18.043155Z","level":"info","event":"::endgroup::","run_id":"manual__2026-06-21T21:30:10.336942+00:00","dag_id":"pipeline_olist","try_number":1,"task_id":"ingestao_bronze","map_index":-1,"ti_id":"019eec17-51a5-7da4-a7a3-ba40709349a9","logger":"task","filename":"task_runner.py","lineno":1896}
