{"timestamp":"2026-06-21T21:26:41.669462Z","level":"info","event":"::group::Pre Execute","logger":"task","filename":"task_runner.py","lineno":1926}
{"timestamp":"2026-06-21T21:26:42.293630Z","level":"info","event":"DAG bundles loaded: dags-folder, example_dags","task_id":"bronze_to_silver","run_id":"manual__2026-06-21T21:26:34.420171+00:00","dag_id":"pipeline_olist","ti_id":"019eec14-03b7-76ac-a4cc-91592d3669fc","try_number":1,"map_index":-1,"logger":"airflow.dag_processing.bundles.manager.DagBundlesManager","filename":"manager.py","lineno":209}
{"timestamp":"2026-06-21T21:26:42.294806Z","level":"info","event":"Filling up the DagBag from /opt/airflow/dags/pipeline_olist.py","task_id":"bronze_to_silver","run_id":"manual__2026-06-21T21:26:34.420171+00:00","dag_id":"pipeline_olist","ti_id":"019eec14-03b7-76ac-a4cc-91592d3669fc","try_number":1,"map_index":-1,"logger":"airflow.dag_processing.dagbag.BundleDagBag","filename":"dagbag.py","lineno":469}
{"timestamp":"2026-06-21T21:26:42.304549Z","level":"warning","event":"The `airflow.operators.python.PythonOperator` attribute is deprecated. Please use `'airflow.providers.standard.operators.python.PythonOperator'`.","category":"UserWarning","filename":"/opt/airflow/dags/pipeline_olist.py","lineno":2,"task_id":"bronze_to_silver","run_id":"manual__2026-06-21T21:26:34.420171+00:00","dag_id":"pipeline_olist","ti_id":"019eec14-03b7-76ac-a4cc-91592d3669fc","try_number":1,"map_index":-1,"logger":"py.warnings"}
{"timestamp":"2026-06-21T21:26:42.304805Z","level":"warning","event":"The `airflow.operators.empty.EmptyOperator` attribute is deprecated. Please use `'airflow.providers.standard.operators.empty.EmptyOperator'`.","category":"UserWarning","filename":"/opt/airflow/dags/pipeline_olist.py","lineno":3,"task_id":"bronze_to_silver","run_id":"manual__2026-06-21T21:26:34.420171+00:00","dag_id":"pipeline_olist","ti_id":"019eec14-03b7-76ac-a4cc-91592d3669fc","try_number":1,"map_index":-1,"logger":"py.warnings"}
{"timestamp":"2026-06-21T21:26:42.336885Z","level":"info","event":"Task instance is in running state","logger":"task.stdout"}
{"timestamp":"2026-06-21T21:26:42.337118Z","level":"info","event":" Previous state of the Task instance: TaskInstanceState.QUEUED","logger":"task.stdout"}
{"timestamp":"2026-06-21T21:26:42.337342Z","level":"info","event":"Current task name:bronze_to_silver","logger":"task.stdout"}
{"timestamp":"2026-06-21T21:26:42.337442Z","level":"info","event":"Dag name:pipeline_olist","logger":"task.stdout"}
{"timestamp":"2026-06-21T21:26:42.337453Z","level":"info","event":"::endgroup::","task_id":"bronze_to_silver","run_id":"manual__2026-06-21T21:26:34.420171+00:00","dag_id":"pipeline_olist","ti_id":"019eec14-03b7-76ac-a4cc-91592d3669fc","try_number":1,"map_index":-1,"logger":"task","filename":"task_runner.py","lineno":1727}
{"timestamp":"2026-06-21T21:26:43.000602Z","level":"info","event":"✅ Silver orders criada.","logger":"task.stdout"}
{"timestamp":"2026-06-21T21:26:43.012808Z","level":"error","event":"Task failed with exception","task_id":"bronze_to_silver","run_id":"manual__2026-06-21T21:26:34.420171+00:00","dag_id":"pipeline_olist","ti_id":"019eec14-03b7-76ac-a4cc-91592d3669fc","try_number":1,"map_index":-1,"logger":"task","filename":"task_runner.py","lineno":1381,"error_detail":[{"exc_type":"CatalogException","exc_value":"Catalog Error: Scalar Function with name initcap does not exist!\nDid you mean \"ilike_escape\"?\n\nLINE 6:                 INITCAP(TRIM(customer_city)) AS city,\n                        ^","exc_notes":[],"syntax_error":null,"is_cause":false,"frames":[{"filename":"/home/airflow/.local/lib/python3.13/site-packages/airflow/sdk/execution_time/task_runner.py","lineno":1287,"name":"run"},{"filename":"/home/airflow/.local/lib/python3.13/site-packages/airflow/sdk/execution_time/task_runner.py","lineno":1745,"name":"_execute_task"},{"filename":"/home/airflow/.local/lib/python3.13/site-packages/airflow/sdk/bases/operator.py","lineno":443,"name":"wrapper"},{"filename":"/home/airflow/.local/lib/python3.13/site-packages/airflow/providers/standard/operators/python.py","lineno":231,"name":"execute"},{"filename":"/home/airflow/.local/lib/python3.13/site-packages/airflow/providers/standard/operators/python.py","lineno":254,"name":"execute_callable"},{"filename":"/home/airflow/.local/lib/python3.13/site-packages/airflow/sdk/execution_time/callback_runner.py","lineno":97,"name":"run"},{"filename":"/opt/airflow/dags/pipeline_olist.py","lineno":82,"name":"task_bronze_silver"}],"is_group":false,"exceptions":[]}]}
{"timestamp":"2026-06-21T21:26:43.013360Z","level":"info","event":"::group::Post Execute","task_id":"bronze_to_silver","run_id":"manual__2026-06-21T21:26:34.420171+00:00","dag_id":"pipeline_olist","ti_id":"019eec14-03b7-76ac-a4cc-91592d3669fc","try_number":1,"map_index":-1,"logger":"task","filename":"task_runner.py","lineno":1382}
{"timestamp":"2026-06-21T21:26:43.040517Z","level":"info","event":"Task instance in failure state","logger":"task.stdout"}
{"timestamp":"2026-06-21T21:26:43.040749Z","level":"info","event":"Task start","logger":"task.stdout"}
{"timestamp":"2026-06-21T21:26:43.040852Z","level":"info","event":"Task:<Task(PythonOperator): bronze_to_silver>","logger":"task.stdout"}
{"timestamp":"2026-06-21T21:26:43.040913Z","level":"info","event":"Failure caused by Catalog Error: Scalar Function with name initcap does not exist!","logger":"task.stdout"}
{"timestamp":"2026-06-21T21:26:43.040968Z","level":"info","event":"Did you mean \"ilike_escape\"?","logger":"task.stdout"}
{"timestamp":"2026-06-21T21:26:43.041022Z","level":"info","event":"","logger":"task.stdout"}
{"timestamp":"2026-06-21T21:26:43.041076Z","level":"info","event":"LINE 6:                 INITCAP(TRIM(customer_city)) AS city,","logger":"task.stdout"}
{"timestamp":"2026-06-21T21:26:43.041129Z","level":"info","event":"                        ^","logger":"task.stdout"}
{"timestamp":"2026-06-21T21:26:43.040749Z","level":"info","event":"::endgroup::","task_id":"bronze_to_silver","run_id":"manual__2026-06-21T21:26:34.420171+00:00","dag_id":"pipeline_olist","ti_id":"019eec14-03b7-76ac-a4cc-91592d3669fc","try_number":1,"map_index":-1,"logger":"task","filename":"task_runner.py","lineno":1896}
