{"timestamp":"2026-06-21T21:29:07.568883Z","level":"info","event":"::group::Pre Execute","logger":"task","filename":"task_runner.py","lineno":1926}
{"timestamp":"2026-06-21T21:29:07.976110Z","level":"info","event":"DAG bundles loaded: dags-folder, example_dags","task_id":"ingestao_bronze","run_id":"manual__2026-06-21T21:23:31.715835+00:00","dag_id":"pipeline_olist","try_number":2,"ti_id":"019eec11-c0ea-748e-ac75-28236510c26e","map_index":-1,"logger":"airflow.dag_processing.bundles.manager.DagBundlesManager","filename":"manager.py","lineno":209}
{"timestamp":"2026-06-21T21:29:07.977166Z","level":"info","event":"Filling up the DagBag from /opt/airflow/dags/pipeline_olist.py","task_id":"ingestao_bronze","run_id":"manual__2026-06-21T21:23:31.715835+00:00","dag_id":"pipeline_olist","try_number":2,"ti_id":"019eec11-c0ea-748e-ac75-28236510c26e","map_index":-1,"logger":"airflow.dag_processing.dagbag.BundleDagBag","filename":"dagbag.py","lineno":469}
{"timestamp":"2026-06-21T21:29:07.983810Z","level":"warning","event":"The `airflow.operators.python.PythonOperator` attribute is deprecated. Please use `'airflow.providers.standard.operators.python.PythonOperator'`.","category":"UserWarning","filename":"/opt/airflow/dags/pipeline_olist.py","lineno":2,"task_id":"ingestao_bronze","run_id":"manual__2026-06-21T21:23:31.715835+00:00","dag_id":"pipeline_olist","try_number":2,"ti_id":"019eec11-c0ea-748e-ac75-28236510c26e","map_index":-1,"logger":"py.warnings"}
{"timestamp":"2026-06-21T21:29:07.984037Z","level":"warning","event":"The `airflow.operators.empty.EmptyOperator` attribute is deprecated. Please use `'airflow.providers.standard.operators.empty.EmptyOperator'`.","category":"UserWarning","filename":"/opt/airflow/dags/pipeline_olist.py","lineno":3,"task_id":"ingestao_bronze","run_id":"manual__2026-06-21T21:23:31.715835+00:00","dag_id":"pipeline_olist","try_number":2,"ti_id":"019eec11-c0ea-748e-ac75-28236510c26e","map_index":-1,"logger":"py.warnings"}
{"timestamp":"2026-06-21T21:29:08.012408Z","level":"info","event":"Task instance is in running state","logger":"task.stdout"}
{"timestamp":"2026-06-21T21:29:08.012550Z","level":"info","event":" Previous state of the Task instance: TaskInstanceState.QUEUED","logger":"task.stdout"}
{"timestamp":"2026-06-21T21:29:08.012693Z","level":"info","event":"Current task name:ingestao_bronze","logger":"task.stdout"}
{"timestamp":"2026-06-21T21:29:08.012783Z","level":"info","event":"Dag name:pipeline_olist","logger":"task.stdout"}
{"timestamp":"2026-06-21T21:29:08.012856Z","level":"info","event":"::endgroup::","task_id":"ingestao_bronze","run_id":"manual__2026-06-21T21:23:31.715835+00:00","dag_id":"pipeline_olist","try_number":2,"ti_id":"019eec11-c0ea-748e-ac75-28236510c26e","map_index":-1,"logger":"task","filename":"task_runner.py","lineno":1727}
{"timestamp":"2026-06-21T21:29:08.714216Z","level":"info","event":"✅ /opt/airflow/datasets/raw/olist/olist_orders_dataset.csv → s3://bronze/olist/orders/orders.parquet","logger":"task.stdout"}
{"timestamp":"2026-06-21T21:29:09.049832Z","level":"info","event":"✅ /opt/airflow/datasets/raw/olist/olist_customers_dataset.csv → s3://bronze/olist/customers/customers.parquet","logger":"task.stdout"}
{"timestamp":"2026-06-21T21:29:09.223618Z","level":"info","event":"✅ /opt/airflow/datasets/raw/olist/olist_products_dataset.csv → s3://bronze/olist/products/products.parquet","logger":"task.stdout"}
{"timestamp":"2026-06-21T21:29:09.678274Z","level":"info","event":"✅ /opt/airflow/datasets/raw/olist/olist_order_items_dataset.csv → s3://bronze/olist/order_items/order_items.parquet","logger":"task.stdout"}
{"timestamp":"2026-06-21T21:29:09.694741Z","level":"info","event":"Done. Returned value was: None","task_id":"ingestao_bronze","run_id":"manual__2026-06-21T21:23:31.715835+00:00","dag_id":"pipeline_olist","try_number":2,"ti_id":"019eec11-c0ea-748e-ac75-28236510c26e","map_index":-1,"logger":"airflow.task.operators.airflow.providers.standard.operators.python.PythonOperator","filename":"python.py","lineno":233}
{"timestamp":"2026-06-21T21:29:09.695066Z","level":"info","event":"::group::Post Execute","task_id":"ingestao_bronze","run_id":"manual__2026-06-21T21:23:31.715835+00:00","dag_id":"pipeline_olist","try_number":2,"ti_id":"019eec11-c0ea-748e-ac75-28236510c26e","map_index":-1,"logger":"task","filename":"task_runner.py","lineno":1288}
{"timestamp":"2026-06-21T21:29:09.716513Z","level":"info","event":"Task instance in success state","logger":"task.stdout"}
{"timestamp":"2026-06-21T21:29:09.716646Z","level":"info","event":" Previous state of the Task instance: TaskInstanceState.RUNNING","logger":"task.stdout"}
{"timestamp":"2026-06-21T21:29:09.716773Z","level":"info","event":"Task operator:<Task(PythonOperator): ingestao_bronze>","logger":"task.stdout"}
{"timestamp":"2026-06-21T21:29:09.716767Z","level":"info","event":"::endgroup::","task_id":"ingestao_bronze","run_id":"manual__2026-06-21T21:23:31.715835+00:00","dag_id":"pipeline_olist","try_number":2,"ti_id":"019eec11-c0ea-748e-ac75-28236510c26e","map_index":-1,"logger":"task","filename":"task_runner.py","lineno":1896}
