{"timestamp":"2026-06-22T11:04:07.639471Z","level":"info","event":"::group::Pre Execute","logger":"task","filename":"task_runner.py","lineno":1926}
{"timestamp":"2026-06-22T11:04:16.092603Z","level":"info","event":"DAG bundles loaded: dags-folder, example_dags","try_number":1,"ti_id":"019eef00-7738-7fda-9d61-9c150c0317d9","run_id":"scheduled__2026-06-22T06:00:00+00:00","map_index":-1,"task_id":"ingestao_bronze","dag_id":"pipeline_olist","logger":"airflow.dag_processing.bundles.manager.DagBundlesManager","filename":"manager.py","lineno":209}
{"timestamp":"2026-06-22T11:04:16.093788Z","level":"info","event":"Filling up the DagBag from /opt/airflow/dags/pipeline_olist.py","try_number":1,"ti_id":"019eef00-7738-7fda-9d61-9c150c0317d9","run_id":"scheduled__2026-06-22T06:00:00+00:00","map_index":-1,"task_id":"ingestao_bronze","dag_id":"pipeline_olist","logger":"airflow.dag_processing.dagbag.BundleDagBag","filename":"dagbag.py","lineno":469}
{"timestamp":"2026-06-22T11:04:16.105047Z","level":"warning","event":"The `airflow.operators.python.PythonOperator` attribute is deprecated. Please use `'airflow.providers.standard.operators.python.PythonOperator'`.","category":"UserWarning","filename":"/opt/airflow/dags/pipeline_olist.py","lineno":2,"try_number":1,"ti_id":"019eef00-7738-7fda-9d61-9c150c0317d9","run_id":"scheduled__2026-06-22T06:00:00+00:00","map_index":-1,"task_id":"ingestao_bronze","dag_id":"pipeline_olist","logger":"py.warnings"}
{"timestamp":"2026-06-22T11:04:16.105339Z","level":"warning","event":"The `airflow.operators.empty.EmptyOperator` attribute is deprecated. Please use `'airflow.providers.standard.operators.empty.EmptyOperator'`.","category":"UserWarning","filename":"/opt/airflow/dags/pipeline_olist.py","lineno":3,"try_number":1,"ti_id":"019eef00-7738-7fda-9d61-9c150c0317d9","run_id":"scheduled__2026-06-22T06:00:00+00:00","map_index":-1,"task_id":"ingestao_bronze","dag_id":"pipeline_olist","logger":"py.warnings"}
{"timestamp":"2026-06-22T11:04:16.169471Z","level":"info","event":"Task instance is in running state","logger":"task.stdout"}
{"timestamp":"2026-06-22T11:04:16.169785Z","level":"info","event":" Previous state of the Task instance: TaskInstanceState.QUEUED","logger":"task.stdout"}
{"timestamp":"2026-06-22T11:04:16.170152Z","level":"info","event":"Current task name:ingestao_bronze","logger":"task.stdout"}
{"timestamp":"2026-06-22T11:04:16.170278Z","level":"info","event":"Dag name:pipeline_olist","logger":"task.stdout"}
{"timestamp":"2026-06-22T11:04:16.170366Z","level":"info","event":"::endgroup::","try_number":1,"ti_id":"019eef00-7738-7fda-9d61-9c150c0317d9","run_id":"scheduled__2026-06-22T06:00:00+00:00","map_index":-1,"task_id":"ingestao_bronze","dag_id":"pipeline_olist","logger":"task","filename":"task_runner.py","lineno":1727}
{"timestamp":"2026-06-22T11:04:17.140593Z","level":"info","event":"✅ /opt/airflow/datasets/raw/olist/olist_orders_dataset.csv → s3://bronze/olist/orders/orders.parquet","logger":"task.stdout"}
{"timestamp":"2026-06-22T11:04:17.544418Z","level":"info","event":"✅ /opt/airflow/datasets/raw/olist/olist_customers_dataset.csv → s3://bronze/olist/customers/customers.parquet","logger":"task.stdout"}
{"timestamp":"2026-06-22T11:04:17.724274Z","level":"info","event":"✅ /opt/airflow/datasets/raw/olist/olist_products_dataset.csv → s3://bronze/olist/products/products.parquet","logger":"task.stdout"}
{"timestamp":"2026-06-22T11:04:18.310569Z","level":"info","event":"✅ /opt/airflow/datasets/raw/olist/olist_order_items_dataset.csv → s3://bronze/olist/order_items/order_items.parquet","logger":"task.stdout"}
{"timestamp":"2026-06-22T11:04:18.337755Z","level":"info","event":"Done. Returned value was: None","try_number":1,"ti_id":"019eef00-7738-7fda-9d61-9c150c0317d9","run_id":"scheduled__2026-06-22T06:00:00+00:00","map_index":-1,"task_id":"ingestao_bronze","dag_id":"pipeline_olist","logger":"airflow.task.operators.airflow.providers.standard.operators.python.PythonOperator","filename":"python.py","lineno":233}
{"timestamp":"2026-06-22T11:04:18.338051Z","level":"info","event":"::group::Post Execute","try_number":1,"ti_id":"019eef00-7738-7fda-9d61-9c150c0317d9","run_id":"scheduled__2026-06-22T06:00:00+00:00","map_index":-1,"task_id":"ingestao_bronze","dag_id":"pipeline_olist","logger":"task","filename":"task_runner.py","lineno":1288}
{"timestamp":"2026-06-22T11:04:18.444605Z","level":"info","event":"Task instance in success state","logger":"task.stdout"}
{"timestamp":"2026-06-22T11:04:18.444949Z","level":"info","event":" Previous state of the Task instance: TaskInstanceState.RUNNING","logger":"task.stdout"}
{"timestamp":"2026-06-22T11:04:18.445116Z","level":"info","event":"Task operator:<Task(PythonOperator): ingestao_bronze>","logger":"task.stdout"}
{"timestamp":"2026-06-22T11:04:18.440025Z","level":"info","event":"::endgroup::","try_number":1,"ti_id":"019eef00-7738-7fda-9d61-9c150c0317d9","run_id":"scheduled__2026-06-22T06:00:00+00:00","map_index":-1,"task_id":"ingestao_bronze","dag_id":"pipeline_olist","logger":"task","filename":"task_runner.py","lineno":1896}
