{"timestamp":"2026-06-22T11:32:27.434204Z","level":"info","event":"::group::Pre Execute","logger":"task","filename":"task_runner.py","lineno":1926}
{"timestamp":"2026-06-22T11:32:28.123781Z","level":"info","event":"DAG bundles loaded: dags-folder, example_dags","run_id":"manual__2026-06-22T11:32:25.471884+00:00","dag_id":"pipeline_olist","map_index":-1,"task_id":"ingestao_bronze","ti_id":"019eef1a-68ec-77c8-bea1-69d2b90a57d0","try_number":1,"logger":"airflow.dag_processing.bundles.manager.DagBundlesManager","filename":"manager.py","lineno":209}
{"timestamp":"2026-06-22T11:32:28.124789Z","level":"info","event":"Filling up the DagBag from /opt/airflow/dags/pipeline_olist.py","run_id":"manual__2026-06-22T11:32:25.471884+00:00","dag_id":"pipeline_olist","map_index":-1,"task_id":"ingestao_bronze","ti_id":"019eef1a-68ec-77c8-bea1-69d2b90a57d0","try_number":1,"logger":"airflow.dag_processing.dagbag.BundleDagBag","filename":"dagbag.py","lineno":469}
{"timestamp":"2026-06-22T11:32:28.131673Z","level":"warning","event":"The `airflow.operators.python.PythonOperator` attribute is deprecated. Please use `'airflow.providers.standard.operators.python.PythonOperator'`.","category":"UserWarning","filename":"/opt/airflow/dags/pipeline_olist.py","lineno":2,"run_id":"manual__2026-06-22T11:32:25.471884+00:00","dag_id":"pipeline_olist","map_index":-1,"task_id":"ingestao_bronze","ti_id":"019eef1a-68ec-77c8-bea1-69d2b90a57d0","try_number":1,"logger":"py.warnings"}
{"timestamp":"2026-06-22T11:32:28.131993Z","level":"warning","event":"The `airflow.operators.empty.EmptyOperator` attribute is deprecated. Please use `'airflow.providers.standard.operators.empty.EmptyOperator'`.","category":"UserWarning","filename":"/opt/airflow/dags/pipeline_olist.py","lineno":3,"run_id":"manual__2026-06-22T11:32:25.471884+00:00","dag_id":"pipeline_olist","map_index":-1,"task_id":"ingestao_bronze","ti_id":"019eef1a-68ec-77c8-bea1-69d2b90a57d0","try_number":1,"logger":"py.warnings"}
{"timestamp":"2026-06-22T11:32:28.170507Z","level":"info","event":"Task instance is in running state","logger":"task.stdout"}
{"timestamp":"2026-06-22T11:32:28.170693Z","level":"info","event":" Previous state of the Task instance: TaskInstanceState.QUEUED","logger":"task.stdout"}
{"timestamp":"2026-06-22T11:32:28.170764Z","level":"info","event":"Current task name:ingestao_bronze","logger":"task.stdout"}
{"timestamp":"2026-06-22T11:32:28.170816Z","level":"info","event":"Dag name:pipeline_olist","logger":"task.stdout"}
{"timestamp":"2026-06-22T11:32:28.170896Z","level":"info","event":"::endgroup::","run_id":"manual__2026-06-22T11:32:25.471884+00:00","dag_id":"pipeline_olist","map_index":-1,"task_id":"ingestao_bronze","ti_id":"019eef1a-68ec-77c8-bea1-69d2b90a57d0","try_number":1,"logger":"task","filename":"task_runner.py","lineno":1727}
{"timestamp":"2026-06-22T11:32:28.776624Z","level":"info","event":"✅ /opt/airflow/datasets/raw/olist/olist_orders_dataset.csv → s3://bronze/olist/orders/orders.parquet","logger":"task.stdout"}
{"timestamp":"2026-06-22T11:32:29.097562Z","level":"info","event":"✅ /opt/airflow/datasets/raw/olist/olist_customers_dataset.csv → s3://bronze/olist/customers/customers.parquet","logger":"task.stdout"}
{"timestamp":"2026-06-22T11:32:29.224136Z","level":"info","event":"✅ /opt/airflow/datasets/raw/olist/olist_products_dataset.csv → s3://bronze/olist/products/products.parquet","logger":"task.stdout"}
{"timestamp":"2026-06-22T11:32:29.636105Z","level":"info","event":"✅ /opt/airflow/datasets/raw/olist/olist_order_items_dataset.csv → s3://bronze/olist/order_items/order_items.parquet","logger":"task.stdout"}
{"timestamp":"2026-06-22T11:32:29.648837Z","level":"info","event":"Done. Returned value was: None","run_id":"manual__2026-06-22T11:32:25.471884+00:00","dag_id":"pipeline_olist","map_index":-1,"task_id":"ingestao_bronze","ti_id":"019eef1a-68ec-77c8-bea1-69d2b90a57d0","try_number":1,"logger":"airflow.task.operators.airflow.providers.standard.operators.python.PythonOperator","filename":"python.py","lineno":233}
{"timestamp":"2026-06-22T11:32:29.649118Z","level":"info","event":"::group::Post Execute","run_id":"manual__2026-06-22T11:32:25.471884+00:00","dag_id":"pipeline_olist","map_index":-1,"task_id":"ingestao_bronze","ti_id":"019eef1a-68ec-77c8-bea1-69d2b90a57d0","try_number":1,"logger":"task","filename":"task_runner.py","lineno":1288}
{"timestamp":"2026-06-22T11:32:29.689585Z","level":"info","event":"Task instance in success state","logger":"task.stdout"}
{"timestamp":"2026-06-22T11:32:29.689821Z","level":"info","event":" Previous state of the Task instance: TaskInstanceState.RUNNING","logger":"task.stdout"}
{"timestamp":"2026-06-22T11:32:29.690106Z","level":"info","event":"Task operator:<Task(PythonOperator): ingestao_bronze>","logger":"task.stdout"}
{"timestamp":"2026-06-22T11:32:29.690082Z","level":"info","event":"::endgroup::","run_id":"manual__2026-06-22T11:32:25.471884+00:00","dag_id":"pipeline_olist","map_index":-1,"task_id":"ingestao_bronze","ti_id":"019eef1a-68ec-77c8-bea1-69d2b90a57d0","try_number":1,"logger":"task","filename":"task_runner.py","lineno":1896}
